2018-06-13 12:56:35 [::1][-][luejgqs6emk3ecmivttas8ouil][error][yii\base\ErrorException:8] yii\base\ErrorException: Trying to get property of non-object in C:\xampp\htdocs\resort\_protected\vendor\yiisoft\yii2\rbac\DbManager.php:849
Stack trace:
#0 C:\xampp\htdocs\resort\_protected\vendor\yiisoft\yii2\rbac\DbManager.php(849): yii\base\ErrorHandler->handleError(8, 'Trying to get p...', 'C:\\xampp\\htdocs...', 849, Array)
#1 C:\xampp\htdocs\resort\_protected\common\rbac\helpers\RbacHelper.php(34): yii\rbac\DbManager->assign(NULL, 1)
#2 C:\xampp\htdocs\resort\_protected\frontend\models\SignupForm.php(113): common\rbac\helpers\RbacHelper::assignRole(1)
#3 C:\xampp\htdocs\resort\_protected\frontend\controllers\SiteController.php(286): frontend\models\SignupForm->signup()
#4 [internal function]: frontend\controllers\SiteController->actionSignup()
#5 C:\xampp\htdocs\resort\_protected\vendor\yiisoft\yii2\base\InlineAction.php(57): call_user_func_array(Array, Array)
#6 C:\xampp\htdocs\resort\_protected\vendor\yiisoft\yii2\base\Controller.php(157): yii\base\InlineAction->runWithParams(Array)
#7 C:\xampp\htdocs\resort\_protected\vendor\yiisoft\yii2\base\Module.php(528): yii\base\Controller->runAction('signup', Array)
#8 C:\xampp\htdocs\resort\_protected\vendor\yiisoft\yii2\web\Application.php(103): yii\base\Module->runAction('site/signup', Array)
#9 C:\xampp\htdocs\resort\_protected\vendor\yiisoft\yii2\base\Application.php(386): yii\web\Application->handleRequest(Object(yii\web\Request))
#10 C:\xampp\htdocs\resort\index.php(18): yii\base\Application->run()
#11 {main}
2018-06-13 12:56:34 [::1][-][luejgqs6emk3ecmivttas8ouil][info][application] $_GET = []

$_POST = [
    '_csrf' => '7EY1jQugAb335JgnZAShC-0vMv9zcugXtyBgwZgL8pncdljoZdlY8I6p7mY-W-h7qmResSBHrCHDRwOS6X2d9A=='
    'SignupForm' => [
        'username' => 'admin'
        'email' => 'admin@gmail.com'
        'password' => '123456'
    ]
    'signup-button' => ''
]

$_FILES = []

$_COOKIE = [
    'PHPSESSID' => 'luejgqs6emk3ecmivttas8ouil'
    '_csrf' => '28963f61f5c0686ca6112d315cb4427b92691b92c7cdcb20385c0cc0f00612b6a:2:{i:0;s:5:\"_csrf\";i:1;s:32:\"00menyYMyMvAZ_IpGKlNS5D6tgcSqvom\";}'
]

$_SESSION = [
    '__flash' => []
]

$_SERVER = [
    'REDIRECT_MIBDIRS' => 'C:/xampp/php/extras/mibs'
    'REDIRECT_MYSQL_HOME' => '\\xampp\\mysql\\bin'
    'REDIRECT_OPENSSL_CONF' => 'C:/xampp/apache/bin/openssl.cnf'
    'REDIRECT_PHP_PEAR_SYSCONF_DIR' => '\\xampp\\php'
    'REDIRECT_PHPRC' => '\\xampp\\php'
    'REDIRECT_TMP' => '\\xampp\\tmp'
    'REDIRECT_STATUS' => '200'
    'MIBDIRS' => 'C:/xampp/php/extras/mibs'
    'MYSQL_HOME' => '\\xampp\\mysql\\bin'
    'OPENSSL_CONF' => 'C:/xampp/apache/bin/openssl.cnf'
    'PHP_PEAR_SYSCONF_DIR' => '\\xampp\\php'
    'PHPRC' => '\\xampp\\php'
    'TMP' => '\\xampp\\tmp'
    'HTTP_HOST' => 'localhost'
    'HTTP_CONNECTION' => 'keep-alive'
    'CONTENT_LENGTH' => '216'
    'HTTP_CACHE_CONTROL' => 'max-age=0'
    'HTTP_ORIGIN' => 'http://localhost'
    'HTTP_UPGRADE_INSECURE_REQUESTS' => '1'
    'CONTENT_TYPE' => 'application/x-www-form-urlencoded'
    'HTTP_USER_AGENT' => 'Mozilla/5.0 (Windows NT 10.0; Win64; x64) AppleWebKit/537.36 (KHTML, like Gecko) Chrome/67.0.3396.87 Safari/537.36'
    'HTTP_ACCEPT' => 'text/html,application/xhtml+xml,application/xml;q=0.9,image/webp,image/apng,*/*;q=0.8'
    'HTTP_REFERER' => 'http://localhost/resort/site/signup'
    'HTTP_ACCEPT_ENCODING' => 'gzip, deflate, br'
    'HTTP_ACCEPT_LANGUAGE' => 'th,en;q=0.9'
    'HTTP_COOKIE' => 'PHPSESSID=luejgqs6emk3ecmivttas8ouil; _csrf=28963f61f5c0686ca6112d315cb4427b92691b92c7cdcb20385c0cc0f00612b6a%3A2%3A%7Bi%3A0%3Bs%3A5%3A%22_csrf%22%3Bi%3A1%3Bs%3A32%3A%2200menyYMyMvAZ_IpGKlNS5D6tgcSqvom%22%3B%7D'
    'PATH' => 'C:\\Windows\\system32;C:\\Windows;C:\\Windows\\System32\\Wbem;C:\\Windows\\System32\\WindowsPowerShell\\v1.0\\;C:\\Windows\\System32\\OpenSSH\\;C:\\xampp\\php;C:\\ProgramData\\ComposerSetup\\bin;C:\\Users\\noppa\\AppData\\Local\\Microsoft\\WindowsApps;C:\\Users\\noppa\\AppData\\Roaming\\Composer\\vendor\\bin'
    'SystemRoot' => 'C:\\Windows'
    'COMSPEC' => 'C:\\Windows\\system32\\cmd.exe'
    'PATHEXT' => '.COM;.EXE;.BAT;.CMD;.VBS;.VBE;.JS;.JSE;.WSF;.WSH;.MSC'
    'WINDIR' => 'C:\\Windows'
    'SERVER_SIGNATURE' => '<address>Apache/2.4.27 (Win32) OpenSSL/1.0.2l PHP/7.1.8 Server at localhost Port 80</address>
'
    'SERVER_SOFTWARE' => 'Apache/2.4.27 (Win32) OpenSSL/1.0.2l PHP/7.1.8'
    'SERVER_NAME' => 'localhost'
    'SERVER_ADDR' => '::1'
    'SERVER_PORT' => '80'
    'REMOTE_ADDR' => '::1'
    'DOCUMENT_ROOT' => 'C:/xampp/htdocs'
    'REQUEST_SCHEME' => 'http'
    'CONTEXT_PREFIX' => ''
    'CONTEXT_DOCUMENT_ROOT' => 'C:/xampp/htdocs'
    'SERVER_ADMIN' => 'postmaster@localhost'
    'SCRIPT_FILENAME' => 'C:/xampp/htdocs/resort/index.php'
    'REMOTE_PORT' => '50139'
    'REDIRECT_URL' => '/resort/site/signup'
    'GATEWAY_INTERFACE' => 'CGI/1.1'
    'SERVER_PROTOCOL' => 'HTTP/1.1'
    'REQUEST_METHOD' => 'POST'
    'QUERY_STRING' => ''
    'REQUEST_URI' => '/resort/site/signup'
    'SCRIPT_NAME' => '/resort/index.php'
    'PHP_SELF' => '/resort/index.php'
    'REQUEST_TIME_FLOAT' => 1528887394.51
    'REQUEST_TIME' => 1528887394
]
2018-06-13 14:37:43 [::1][-][98tm26emmndau9uvg8hd1p7et3][error][yii\base\ErrorException:8] yii\base\ErrorException: Trying to get property of non-object in C:\xampp\htdocs\resort\_protected\vendor\yiisoft\yii2\rbac\DbManager.php:849
Stack trace:
#0 C:\xampp\htdocs\resort\_protected\vendor\yiisoft\yii2\rbac\DbManager.php(849): yii\base\ErrorHandler->handleError(8, 'Trying to get p...', 'C:\\xampp\\htdocs...', 849, Array)
#1 C:\xampp\htdocs\resort\_protected\common\rbac\helpers\RbacHelper.php(39): yii\rbac\DbManager->assign(NULL, 2)
#2 C:\xampp\htdocs\resort\_protected\frontend\models\SignupForm.php(113): common\rbac\helpers\RbacHelper::assignRole(2)
#3 C:\xampp\htdocs\resort\_protected\frontend\controllers\SiteController.php(286): frontend\models\SignupForm->signup()
#4 [internal function]: frontend\controllers\SiteController->actionSignup()
#5 C:\xampp\htdocs\resort\_protected\vendor\yiisoft\yii2\base\InlineAction.php(57): call_user_func_array(Array, Array)
#6 C:\xampp\htdocs\resort\_protected\vendor\yiisoft\yii2\base\Controller.php(157): yii\base\InlineAction->runWithParams(Array)
#7 C:\xampp\htdocs\resort\_protected\vendor\yiisoft\yii2\base\Module.php(528): yii\base\Controller->runAction('signup', Array)
#8 C:\xampp\htdocs\resort\_protected\vendor\yiisoft\yii2\web\Application.php(103): yii\base\Module->runAction('site/signup', Array)
#9 C:\xampp\htdocs\resort\_protected\vendor\yiisoft\yii2\base\Application.php(386): yii\web\Application->handleRequest(Object(yii\web\Request))
#10 C:\xampp\htdocs\resort\index.php(18): yii\base\Application->run()
#11 {main}
2018-06-13 14:37:42 [::1][-][98tm26emmndau9uvg8hd1p7et3][info][application] $_GET = []

$_POST = [
    '_csrf' => 'qYNotoIXFgvhX8iEDTpijLr-LCdx-Lxeiw6TAL-oyCnZxSvb3SIubY8R-utAWSbN-5JGRSS18G_PP-VLy_eqbg=='
    'SignupForm' => [
        'username' => 'test'
        'email' => 'test@gmail.com'
        'password' => '123456'
    ]
    'signup-button' => ''
]

$_FILES = []

$_COOKIE = [
    '_csrf' => 'f18a3e7d875980b5a19f0a5fdae9d091b0dcd126e13c81ea1dfa354db6e79a89a:2:{i:0;s:5:\"_csrf\";i:1;s:32:\"pFCm_58fnN2oMcDAAljbUML1D1vKt_bG\";}'
    'PHPSESSID' => '98tm26emmndau9uvg8hd1p7et3'
]

$_SESSION = [
    '__flash' => []
]

$_SERVER = [
    'REDIRECT_MIBDIRS' => 'C:/xampp/php/extras/mibs'
    'REDIRECT_MYSQL_HOME' => '\\xampp\\mysql\\bin'
    'REDIRECT_OPENSSL_CONF' => 'C:/xampp/apache/bin/openssl.cnf'
    'REDIRECT_PHP_PEAR_SYSCONF_DIR' => '\\xampp\\php'
    'REDIRECT_PHPRC' => '\\xampp\\php'
    'REDIRECT_TMP' => '\\xampp\\tmp'
    'REDIRECT_STATUS' => '200'
    'MIBDIRS' => 'C:/xampp/php/extras/mibs'
    'MYSQL_HOME' => '\\xampp\\mysql\\bin'
    'OPENSSL_CONF' => 'C:/xampp/apache/bin/openssl.cnf'
    'PHP_PEAR_SYSCONF_DIR' => '\\xampp\\php'
    'PHPRC' => '\\xampp\\php'
    'TMP' => '\\xampp\\tmp'
    'HTTP_HOST' => 'localhost'
    'HTTP_CONNECTION' => 'keep-alive'
    'CONTENT_LENGTH' => '214'
    'HTTP_CACHE_CONTROL' => 'max-age=0'
    'HTTP_ORIGIN' => 'http://localhost'
    'HTTP_UPGRADE_INSECURE_REQUESTS' => '1'
    'CONTENT_TYPE' => 'application/x-www-form-urlencoded'
    'HTTP_USER_AGENT' => 'Mozilla/5.0 (Windows NT 10.0; Win64; x64) AppleWebKit/537.36 (KHTML, like Gecko) Chrome/67.0.3396.87 Safari/537.36'
    'HTTP_ACCEPT' => 'text/html,application/xhtml+xml,application/xml;q=0.9,image/webp,image/apng,*/*;q=0.8'
    'HTTP_REFERER' => 'http://localhost/resort/site/signup'
    'HTTP_ACCEPT_ENCODING' => 'gzip, deflate, br'
    'HTTP_ACCEPT_LANGUAGE' => 'th,en;q=0.9'
    'HTTP_COOKIE' => '_csrf=f18a3e7d875980b5a19f0a5fdae9d091b0dcd126e13c81ea1dfa354db6e79a89a%3A2%3A%7Bi%3A0%3Bs%3A5%3A%22_csrf%22%3Bi%3A1%3Bs%3A32%3A%22pFCm_58fnN2oMcDAAljbUML1D1vKt_bG%22%3B%7D; PHPSESSID=98tm26emmndau9uvg8hd1p7et3'
    'PATH' => 'C:\\Windows\\system32;C:\\Windows;C:\\Windows\\System32\\Wbem;C:\\Windows\\System32\\WindowsPowerShell\\v1.0\\;C:\\Windows\\System32\\OpenSSH\\;C:\\xampp\\php;C:\\ProgramData\\ComposerSetup\\bin;C:\\Users\\noppa\\AppData\\Local\\Microsoft\\WindowsApps;C:\\Users\\noppa\\AppData\\Roaming\\Composer\\vendor\\bin'
    'SystemRoot' => 'C:\\Windows'
    'COMSPEC' => 'C:\\Windows\\system32\\cmd.exe'
    'PATHEXT' => '.COM;.EXE;.BAT;.CMD;.VBS;.VBE;.JS;.JSE;.WSF;.WSH;.MSC'
    'WINDIR' => 'C:\\Windows'
    'SERVER_SIGNATURE' => '<address>Apache/2.4.27 (Win32) OpenSSL/1.0.2l PHP/7.1.8 Server at localhost Port 80</address>
'
    'SERVER_SOFTWARE' => 'Apache/2.4.27 (Win32) OpenSSL/1.0.2l PHP/7.1.8'
    'SERVER_NAME' => 'localhost'
    'SERVER_ADDR' => '::1'
    'SERVER_PORT' => '80'
    'REMOTE_ADDR' => '::1'
    'DOCUMENT_ROOT' => 'C:/xampp/htdocs'
    'REQUEST_SCHEME' => 'http'
    'CONTEXT_PREFIX' => ''
    'CONTEXT_DOCUMENT_ROOT' => 'C:/xampp/htdocs'
    'SERVER_ADMIN' => 'postmaster@localhost'
    'SCRIPT_FILENAME' => 'C:/xampp/htdocs/resort/index.php'
    'REMOTE_PORT' => '63234'
    'REDIRECT_URL' => '/resort/site/signup'
    'GATEWAY_INTERFACE' => 'CGI/1.1'
    'SERVER_PROTOCOL' => 'HTTP/1.1'
    'REQUEST_METHOD' => 'POST'
    'QUERY_STRING' => ''
    'REQUEST_URI' => '/resort/site/signup'
    'SCRIPT_NAME' => '/resort/index.php'
    'PHP_SELF' => '/resort/index.php'
    'REQUEST_TIME_FLOAT' => 1528893462.61
    'REQUEST_TIME' => 1528893462
]
2018-06-13 14:47:55 [::1][-][-][error][yii\db\Exception] PDOException: PDO::__construct(): php_network_getaddresses: getaddrinfo failed: No such host is known.  in C:\xampp\htdocs\resort\_protected\vendor\yiisoft\yii2\db\Connection.php:687
Stack trace:
#0 C:\xampp\htdocs\resort\_protected\vendor\yiisoft\yii2\db\Connection.php(687): PDO->__construct('mysql:host=mysq...', 'u789242497_root', '123456', NULL)
#1 C:\xampp\htdocs\resort\_protected\vendor\yiisoft\yii2\db\Connection.php(613): yii\db\Connection->createPdoInstance()
#2 C:\xampp\htdocs\resort\_protected\vendor\yiisoft\yii2\db\Connection.php(996): yii\db\Connection->open()
#3 C:\xampp\htdocs\resort\_protected\vendor\yiisoft\yii2\db\Connection.php(983): yii\db\Connection->getMasterPdo()
#4 C:\xampp\htdocs\resort\_protected\vendor\yiisoft\yii2\db\Schema.php(463): yii\db\Connection->getSlavePdo()
#5 C:\xampp\htdocs\resort\_protected\vendor\yiisoft\yii2\db\Connection.php(881): yii\db\Schema->quoteValue('98tm26emmndau9u...')
#6 C:\xampp\htdocs\resort\_protected\vendor\yiisoft\yii2\db\Command.php(209): yii\db\Connection->quoteValue('98tm26emmndau9u...')
#7 C:\xampp\htdocs\resort\_protected\vendor\yiisoft\yii2\db\Command.php(1099): yii\db\Command->getRawSql()
#8 C:\xampp\htdocs\resort\_protected\vendor\yiisoft\yii2\db\Command.php(1120): yii\db\Command->logQuery('yii\\db\\Command:...')
#9 C:\xampp\htdocs\resort\_protected\vendor\yiisoft\yii2\db\Command.php(425): yii\db\Command->queryInternal('fetchColumn', 0)
#10 C:\xampp\htdocs\resort\_protected\vendor\yiisoft\yii2\db\Query.php(291): yii\db\Command->queryScalar()
#11 C:\xampp\htdocs\resort\_protected\vendor\yiisoft\yii2\web\DbSession.php(156): yii\db\Query->scalar(Object(yii\db\Connection))
#12 [internal function]: yii\web\DbSession->readSession('98tm26emmndau9u...')
#13 C:\xampp\htdocs\resort\_protected\vendor\yiisoft\yii2\web\Session.php(137): session_start()
#14 C:\xampp\htdocs\resort\_protected\vendor\yiisoft\yii2\web\Session.php(612): yii\web\Session->open()
#15 C:\xampp\htdocs\resort\_protected\vendor\yiisoft\yii2\web\User.php(683): yii\web\Session->get('__id')
#16 C:\xampp\htdocs\resort\_protected\vendor\yiisoft\yii2\web\User.php(192): yii\web\User->renewAuthStatus()
#17 C:\xampp\htdocs\resort\_protected\vendor\yiisoft\yii2\web\User.php(360): yii\web\User->getIdentity()
#18 C:\xampp\htdocs\resort\_protected\vendor\yiisoft\yii2\base\Component.php(139): yii\web\User->getIsGuest()
#19 C:\xampp\htdocs\resort\_protected\vendor\yiisoft\yii2-debug\panels\UserPanel.php(81): yii\base\Component->__get('isGuest')
#20 C:\xampp\htdocs\resort\_protected\vendor\yiisoft\yii2\base\BaseObject.php(109): yii\debug\panels\UserPanel->init()
#21 [internal function]: yii\base\BaseObject->__construct(Array)
#22 C:\xampp\htdocs\resort\_protected\vendor\yiisoft\yii2\di\Container.php(383): ReflectionClass->newInstanceArgs(Array)
#23 C:\xampp\htdocs\resort\_protected\vendor\yiisoft\yii2\di\Container.php(156): yii\di\Container->build('yii\\debug\\panel...', Array, Array)
#24 C:\xampp\htdocs\resort\_protected\vendor\yiisoft\yii2\BaseYii.php(349): yii\di\Container->get('yii\\debug\\panel...', Array, Array)
#25 C:\xampp\htdocs\resort\_protected\vendor\yiisoft\yii2-debug\Module.php(177): yii\BaseYii::createObject(Array)
#26 C:\xampp\htdocs\resort\_protected\vendor\yiisoft\yii2-debug\Module.php(149): yii\debug\Module->initPanels()
#27 C:\xampp\htdocs\resort\_protected\vendor\yiisoft\yii2\base\BaseObject.php(109): yii\debug\Module->init()
#28 C:\xampp\htdocs\resort\_protected\vendor\yiisoft\yii2\base\Module.php(158): yii\base\BaseObject->__construct(Array)
#29 [internal function]: yii\base\Module->__construct('debug', Object(yii\web\Application), Array)
#30 C:\xampp\htdocs\resort\_protected\vendor\yiisoft\yii2\di\Container.php(375): ReflectionClass->newInstanceArgs(Array)
#31 C:\xampp\htdocs\resort\_protected\vendor\yiisoft\yii2\di\Container.php(156): yii\di\Container->build('yii\\debug\\Modul...', Array, Array)
#32 C:\xampp\htdocs\resort\_protected\vendor\yiisoft\yii2\BaseYii.php(345): yii\di\Container->get('yii\\debug\\Modul...', Array)
#33 C:\xampp\htdocs\resort\_protected\vendor\yiisoft\yii2\base\Module.php(427): yii\BaseYii::createObject('yii\\debug\\Modul...', Array)
#34 C:\xampp\htdocs\resort\_protected\vendor\yiisoft\yii2\base\Application.php(315): yii\base\Module->getModule('debug')
#35 C:\xampp\htdocs\resort\_protected\vendor\yiisoft\yii2\web\Application.php(69): yii\base\Application->bootstrap()
#36 C:\xampp\htdocs\resort\_protected\vendor\yiisoft\yii2\base\Application.php(273): yii\web\Application->bootstrap()
#37 C:\xampp\htdocs\resort\_protected\vendor\yiisoft\yii2\base\BaseObject.php(109): yii\base\Application->init()
#38 C:\xampp\htdocs\resort\_protected\vendor\yiisoft\yii2\base\Application.php(206): yii\base\BaseObject->__construct(Array)
#39 C:\xampp\htdocs\resort\index.php(17): yii\base\Application->__construct('[<span class="s...')
#40 {main}

Next PDOException: SQLSTATE[HY000] [2002] php_network_getaddresses: getaddrinfo failed: No such host is known.  in C:\xampp\htdocs\resort\_protected\vendor\yiisoft\yii2\db\Connection.php:687
Stack trace:
#0 C:\xampp\htdocs\resort\_protected\vendor\yiisoft\yii2\db\Connection.php(687): PDO->__construct('mysql:host=mysq...', 'u789242497_root', '123456', NULL)
#1 C:\xampp\htdocs\resort\_protected\vendor\yiisoft\yii2\db\Connection.php(613): yii\db\Connection->createPdoInstance()
#2 C:\xampp\htdocs\resort\_protected\vendor\yiisoft\yii2\db\Connection.php(996): yii\db\Connection->open()
#3 C:\xampp\htdocs\resort\_protected\vendor\yiisoft\yii2\db\Connection.php(983): yii\db\Connection->getMasterPdo()
#4 C:\xampp\htdocs\resort\_protected\vendor\yiisoft\yii2\db\Schema.php(463): yii\db\Connection->getSlavePdo()
#5 C:\xampp\htdocs\resort\_protected\vendor\yiisoft\yii2\db\Connection.php(881): yii\db\Schema->quoteValue('98tm26emmndau9u...')
#6 C:\xampp\htdocs\resort\_protected\vendor\yiisoft\yii2\db\Command.php(209): yii\db\Connection->quoteValue('98tm26emmndau9u...')
#7 C:\xampp\htdocs\resort\_protected\vendor\yiisoft\yii2\db\Command.php(1099): yii\db\Command->getRawSql()
#8 C:\xampp\htdocs\resort\_protected\vendor\yiisoft\yii2\db\Command.php(1120): yii\db\Command->logQuery('yii\\db\\Command:...')
#9 C:\xampp\htdocs\resort\_protected\vendor\yiisoft\yii2\db\Command.php(425): yii\db\Command->queryInternal('fetchColumn', 0)
#10 C:\xampp\htdocs\resort\_protected\vendor\yiisoft\yii2\db\Query.php(291): yii\db\Command->queryScalar()
#11 C:\xampp\htdocs\resort\_protected\vendor\yiisoft\yii2\web\DbSession.php(156): yii\db\Query->scalar(Object(yii\db\Connection))
#12 [internal function]: yii\web\DbSession->readSession('98tm26emmndau9u...')
#13 C:\xampp\htdocs\resort\_protected\vendor\yiisoft\yii2\web\Session.php(137): session_start()
#14 C:\xampp\htdocs\resort\_protected\vendor\yiisoft\yii2\web\Session.php(612): yii\web\Session->open()
#15 C:\xampp\htdocs\resort\_protected\vendor\yiisoft\yii2\web\User.php(683): yii\web\Session->get('__id')
#16 C:\xampp\htdocs\resort\_protected\vendor\yiisoft\yii2\web\User.php(192): yii\web\User->renewAuthStatus()
#17 C:\xampp\htdocs\resort\_protected\vendor\yiisoft\yii2\web\User.php(360): yii\web\User->getIdentity()
#18 C:\xampp\htdocs\resort\_protected\vendor\yiisoft\yii2\base\Component.php(139): yii\web\User->getIsGuest()
#19 C:\xampp\htdocs\resort\_protected\vendor\yiisoft\yii2-debug\panels\UserPanel.php(81): yii\base\Component->__get('isGuest')
#20 C:\xampp\htdocs\resort\_protected\vendor\yiisoft\yii2\base\BaseObject.php(109): yii\debug\panels\UserPanel->init()
#21 [internal function]: yii\base\BaseObject->__construct(Array)
#22 C:\xampp\htdocs\resort\_protected\vendor\yiisoft\yii2\di\Container.php(383): ReflectionClass->newInstanceArgs(Array)
#23 C:\xampp\htdocs\resort\_protected\vendor\yiisoft\yii2\di\Container.php(156): yii\di\Container->build('yii\\debug\\panel...', Array, Array)
#24 C:\xampp\htdocs\resort\_protected\vendor\yiisoft\yii2\BaseYii.php(349): yii\di\Container->get('yii\\debug\\panel...', Array, Array)
#25 C:\xampp\htdocs\resort\_protected\vendor\yiisoft\yii2-debug\Module.php(177): yii\BaseYii::createObject(Array)
#26 C:\xampp\htdocs\resort\_protected\vendor\yiisoft\yii2-debug\Module.php(149): yii\debug\Module->initPanels()
#27 C:\xampp\htdocs\resort\_protected\vendor\yiisoft\yii2\base\BaseObject.php(109): yii\debug\Module->init()
#28 C:\xampp\htdocs\resort\_protected\vendor\yiisoft\yii2\base\Module.php(158): yii\base\BaseObject->__construct(Array)
#29 [internal function]: yii\base\Module->__construct('debug', Object(yii\web\Application), Array)
#30 C:\xampp\htdocs\resort\_protected\vendor\yiisoft\yii2\di\Container.php(375): ReflectionClass->newInstanceArgs(Array)
#31 C:\xampp\htdocs\resort\_protected\vendor\yiisoft\yii2\di\Container.php(156): yii\di\Container->build('yii\\debug\\Modul...', Array, Array)
#32 C:\xampp\htdocs\resort\_protected\vendor\yiisoft\yii2\BaseYii.php(345): yii\di\Container->get('yii\\debug\\Modul...', Array)
#33 C:\xampp\htdocs\resort\_protected\vendor\yiisoft\yii2\base\Module.php(427): yii\BaseYii::createObject('yii\\debug\\Modul...', Array)
#34 C:\xampp\htdocs\resort\_protected\vendor\yiisoft\yii2\base\Application.php(315): yii\base\Module->getModule('debug')
#35 C:\xampp\htdocs\resort\_protected\vendor\yiisoft\yii2\web\Application.php(69): yii\base\Application->bootstrap()
#36 C:\xampp\htdocs\resort\_protected\vendor\yiisoft\yii2\base\Application.php(273): yii\web\Application->bootstrap()
#37 C:\xampp\htdocs\resort\_protected\vendor\yiisoft\yii2\base\BaseObject.php(109): yii\base\Application->init()
#38 C:\xampp\htdocs\resort\_protected\vendor\yiisoft\yii2\base\Application.php(206): yii\base\BaseObject->__construct(Array)
#39 C:\xampp\htdocs\resort\index.php(17): yii\base\Application->__construct('[<span class="s...')
#40 {main}

Next yii\db\Exception: SQLSTATE[HY000] [2002] php_network_getaddresses: getaddrinfo failed: No such host is known.  in C:\xampp\htdocs\resort\_protected\vendor\yiisoft\yii2\db\Connection.php:624
Stack trace:
#0 C:\xampp\htdocs\resort\_protected\vendor\yiisoft\yii2\db\Connection.php(996): yii\db\Connection->open()
#1 C:\xampp\htdocs\resort\_protected\vendor\yiisoft\yii2\db\Connection.php(983): yii\db\Connection->getMasterPdo()
#2 C:\xampp\htdocs\resort\_protected\vendor\yiisoft\yii2\db\Schema.php(463): yii\db\Connection->getSlavePdo()
#3 C:\xampp\htdocs\resort\_protected\vendor\yiisoft\yii2\db\Connection.php(881): yii\db\Schema->quoteValue('98tm26emmndau9u...')
#4 C:\xampp\htdocs\resort\_protected\vendor\yiisoft\yii2\db\Command.php(209): yii\db\Connection->quoteValue('98tm26emmndau9u...')
#5 C:\xampp\htdocs\resort\_protected\vendor\yiisoft\yii2\db\Command.php(1099): yii\db\Command->getRawSql()
#6 C:\xampp\htdocs\resort\_protected\vendor\yiisoft\yii2\db\Command.php(1120): yii\db\Command->logQuery('yii\\db\\Command:...')
#7 C:\xampp\htdocs\resort\_protected\vendor\yiisoft\yii2\db\Command.php(425): yii\db\Command->queryInternal('fetchColumn', 0)
#8 C:\xampp\htdocs\resort\_protected\vendor\yiisoft\yii2\db\Query.php(291): yii\db\Command->queryScalar()
#9 C:\xampp\htdocs\resort\_protected\vendor\yiisoft\yii2\web\DbSession.php(156): yii\db\Query->scalar(Object(yii\db\Connection))
#10 [internal function]: yii\web\DbSession->readSession('98tm26emmndau9u...')
#11 C:\xampp\htdocs\resort\_protected\vendor\yiisoft\yii2\web\Session.php(137): session_start()
#12 C:\xampp\htdocs\resort\_protected\vendor\yiisoft\yii2\web\Session.php(612): yii\web\Session->open()
#13 C:\xampp\htdocs\resort\_protected\vendor\yiisoft\yii2\web\User.php(683): yii\web\Session->get('__id')
#14 C:\xampp\htdocs\resort\_protected\vendor\yiisoft\yii2\web\User.php(192): yii\web\User->renewAuthStatus()
#15 C:\xampp\htdocs\resort\_protected\vendor\yiisoft\yii2\web\User.php(360): yii\web\User->getIdentity()
#16 C:\xampp\htdocs\resort\_protected\vendor\yiisoft\yii2\base\Component.php(139): yii\web\User->getIsGuest()
#17 C:\xampp\htdocs\resort\_protected\vendor\yiisoft\yii2-debug\panels\UserPanel.php(81): yii\base\Component->__get('isGuest')
#18 C:\xampp\htdocs\resort\_protected\vendor\yiisoft\yii2\base\BaseObject.php(109): yii\debug\panels\UserPanel->init()
#19 [internal function]: yii\base\BaseObject->__construct(Array)
#20 C:\xampp\htdocs\resort\_protected\vendor\yiisoft\yii2\di\Container.php(383): ReflectionClass->newInstanceArgs(Array)
#21 C:\xampp\htdocs\resort\_protected\vendor\yiisoft\yii2\di\Container.php(156): yii\di\Container->build('yii\\debug\\panel...', Array, Array)
#22 C:\xampp\htdocs\resort\_protected\vendor\yiisoft\yii2\BaseYii.php(349): yii\di\Container->get('yii\\debug\\panel...', Array, Array)
#23 C:\xampp\htdocs\resort\_protected\vendor\yiisoft\yii2-debug\Module.php(177): yii\BaseYii::createObject(Array)
#24 C:\xampp\htdocs\resort\_protected\vendor\yiisoft\yii2-debug\Module.php(149): yii\debug\Module->initPanels()
#25 C:\xampp\htdocs\resort\_protected\vendor\yiisoft\yii2\base\BaseObject.php(109): yii\debug\Module->init()
#26 C:\xampp\htdocs\resort\_protected\vendor\yiisoft\yii2\base\Module.php(158): yii\base\BaseObject->__construct(Array)
#27 [internal function]: yii\base\Module->__construct('debug', Object(yii\web\Application), Array)
#28 C:\xampp\htdocs\resort\_protected\vendor\yiisoft\yii2\di\Container.php(375): ReflectionClass->newInstanceArgs(Array)
#29 C:\xampp\htdocs\resort\_protected\vendor\yiisoft\yii2\di\Container.php(156): yii\di\Container->build('yii\\debug\\Modul...', Array, Array)
#30 C:\xampp\htdocs\resort\_protected\vendor\yiisoft\yii2\BaseYii.php(345): yii\di\Container->get('yii\\debug\\Modul...', Array)
#31 C:\xampp\htdocs\resort\_protected\vendor\yiisoft\yii2\base\Module.php(427): yii\BaseYii::createObject('yii\\debug\\Modul...', Array)
#32 C:\xampp\htdocs\resort\_protected\vendor\yiisoft\yii2\base\Application.php(315): yii\base\Module->getModule('debug')
#33 C:\xampp\htdocs\resort\_protected\vendor\yiisoft\yii2\web\Application.php(69): yii\base\Application->bootstrap()
#34 C:\xampp\htdocs\resort\_protected\vendor\yiisoft\yii2\base\Application.php(273): yii\web\Application->bootstrap()
#35 C:\xampp\htdocs\resort\_protected\vendor\yiisoft\yii2\base\BaseObject.php(109): yii\base\Application->init()
#36 C:\xampp\htdocs\resort\_protected\vendor\yiisoft\yii2\base\Application.php(206): yii\base\BaseObject->__construct(Array)
#37 C:\xampp\htdocs\resort\index.php(17): yii\base\Application->__construct('[<span class="s...')
#38 {main}
Additional Information:

2018-06-13 14:47:55 [::1][-][-][info][application] $_GET = []

$_POST = []

$_FILES = []

$_COOKIE = [
    '_csrf' => 'f18a3e7d875980b5a19f0a5fdae9d091b0dcd126e13c81ea1dfa354db6e79a89a:2:{i:0;s:5:\"_csrf\";i:1;s:32:\"pFCm_58fnN2oMcDAAljbUML1D1vKt_bG\";}'
    'PHPSESSID' => '98tm26emmndau9uvg8hd1p7et3'
]

$_SESSION = []

$_SERVER = [
    'MIBDIRS' => 'C:/xampp/php/extras/mibs'
    'MYSQL_HOME' => '\\xampp\\mysql\\bin'
    'OPENSSL_CONF' => 'C:/xampp/apache/bin/openssl.cnf'
    'PHP_PEAR_SYSCONF_DIR' => '\\xampp\\php'
    'PHPRC' => '\\xampp\\php'
    'TMP' => '\\xampp\\tmp'
    'HTTP_HOST' => 'localhost'
    'HTTP_CONNECTION' => 'keep-alive'
    'HTTP_UPGRADE_INSECURE_REQUESTS' => '1'
    'HTTP_USER_AGENT' => 'Mozilla/5.0 (Windows NT 10.0; Win64; x64) AppleWebKit/537.36 (KHTML, like Gecko) Chrome/67.0.3396.87 Safari/537.36'
    'HTTP_ACCEPT' => 'text/html,application/xhtml+xml,application/xml;q=0.9,image/webp,image/apng,*/*;q=0.8'
    'HTTP_ACCEPT_ENCODING' => 'gzip, deflate, br'
    'HTTP_ACCEPT_LANGUAGE' => 'th,en;q=0.9'
    'HTTP_COOKIE' => '_csrf=f18a3e7d875980b5a19f0a5fdae9d091b0dcd126e13c81ea1dfa354db6e79a89a%3A2%3A%7Bi%3A0%3Bs%3A5%3A%22_csrf%22%3Bi%3A1%3Bs%3A32%3A%22pFCm_58fnN2oMcDAAljbUML1D1vKt_bG%22%3B%7D; PHPSESSID=98tm26emmndau9uvg8hd1p7et3'
    'PATH' => 'C:\\Windows\\system32;C:\\Windows;C:\\Windows\\System32\\Wbem;C:\\Windows\\System32\\WindowsPowerShell\\v1.0\\;C:\\Windows\\System32\\OpenSSH\\;C:\\xampp\\php;C:\\ProgramData\\ComposerSetup\\bin;C:\\Users\\noppa\\AppData\\Local\\Microsoft\\WindowsApps;C:\\Users\\noppa\\AppData\\Roaming\\Composer\\vendor\\bin'
    'SystemRoot' => 'C:\\Windows'
    'COMSPEC' => 'C:\\Windows\\system32\\cmd.exe'
    'PATHEXT' => '.COM;.EXE;.BAT;.CMD;.VBS;.VBE;.JS;.JSE;.WSF;.WSH;.MSC'
    'WINDIR' => 'C:\\Windows'
    'SERVER_SIGNATURE' => '<address>Apache/2.4.27 (Win32) OpenSSL/1.0.2l PHP/7.1.8 Server at localhost Port 80</address>
'
    'SERVER_SOFTWARE' => 'Apache/2.4.27 (Win32) OpenSSL/1.0.2l PHP/7.1.8'
    'SERVER_NAME' => 'localhost'
    'SERVER_ADDR' => '::1'
    'SERVER_PORT' => '80'
    'REMOTE_ADDR' => '::1'
    'DOCUMENT_ROOT' => 'C:/xampp/htdocs'
    'REQUEST_SCHEME' => 'http'
    'CONTEXT_PREFIX' => ''
    'CONTEXT_DOCUMENT_ROOT' => 'C:/xampp/htdocs'
    'SERVER_ADMIN' => 'postmaster@localhost'
    'SCRIPT_FILENAME' => 'C:/xampp/htdocs/resort/index.php'
    'REMOTE_PORT' => '64575'
    'GATEWAY_INTERFACE' => 'CGI/1.1'
    'SERVER_PROTOCOL' => 'HTTP/1.1'
    'REQUEST_METHOD' => 'GET'
    'QUERY_STRING' => ''
    'REQUEST_URI' => '/resort/'
    'SCRIPT_NAME' => '/resort/index.php'
    'PHP_SELF' => '/resort/index.php'
    'REQUEST_TIME_FLOAT' => 1528894075.611
    'REQUEST_TIME' => 1528894075
]
